[ NORMAL  ]  ##   Starting tournament in 6 seconds.
[ NORMAL  ]  ##   Configuring random seed: 17
[ NORMAL  ]  ##   randomFail: 0
[ NORMAL  ]  ##   attachLimit: 10
[ NORMAL  ]  ##   clusterBounds: [1, 3]
[ NORMAL  ]  ##   clearEnergyCost: 2
[ NORMAL  ]  ##   deactivatedDuration: 10
[ NORMAL  ]  ##   maxEnergy: 100
[ NORMAL  ]  ##   refreshEnergy: 50
[ NORMAL  ]  ##   stepRecharge: 1
[ NORMAL  ]  ##   blockTypes: [3, 3]
[ NORMAL  ]  ##   dispensers: [1, 1]
[ NORMAL  ]  ##   maxDuration: [100, 200]
[ NORMAL  ]  ##   concurrent: 2
[ NORMAL  ]  ##   iterations: [5, 10]
[ NORMAL  ]  ##   size: [1, 4]
[ NORMAL  ]  ##   chance: 0
[ NORMAL  ]  ##   radius: [3, 5]
[ NORMAL  ]  ##   warning: 5
[ NORMAL  ]  ##   create: [-3, 1]
[ NORMAL  ]  ##   perimeter: 2
[ NORMAL  ]  ##   Role default added.
[ NORMAL  ]  ##   Role worker added.
[ NORMAL  ]  ##   Role constructor added.
[ NORMAL  ]  ##   Role explorer added.
[ NORMAL  ]  ##   Role digger added.
[ NORMAL  ]  ##   Template of norm Carry added
[ NORMAL  ]  ##   Template of norm Adopt added
[ NORMAL  ]  ##   Template of norm Adopt added
[ NORMAL  ]  ##   Simulation at step 0
[ NORMAL  ]  ##   Task created: task(task0,(0,1),b2),task(task0,(0,2),b0)
[ NORMAL  ]  ##   Task created: task(task1,(0,1),b0)
[ NORMAL  ]  ##   No valid action available in time for agent agentB1.
[ NORMAL  ]  ##   No valid action available in time for agent agentA1.
[ NORMAL  ]  ##   Simulation at step 1
[ NORMAL  ]  ##   No valid action available in time for agent agentB1.
[ NORMAL  ]  ##   No valid action available in time for agent agentA1.
[ NORMAL  ]  ##   Simulation at step 2
