[ NORMAL  ]  ##   Starting tournament in 6 seconds.
[ NORMAL  ]  ##   Configuring random seed: 17
[ NORMAL  ]  ##   randomFail: 0
[ NORMAL  ]  ##   attachLimit: 10
[ NORMAL  ]  ##   clusterBounds: [1, 3]
[ NORMAL  ]  ##   clearEnergyCost: 2
[ NORMAL  ]  ##   deactivatedDuration: 10
[ NORMAL  ]  ##   maxEnergy: 100
[ NORMAL  ]  ##   refreshEnergy: 50
[ NORMAL  ]  ##   stepRecharge: 1
[ NORMAL  ]  ##   blockTypes: [3, 3]
[ NORMAL  ]  ##   dispensers: [1, 1]
[ NORMAL  ]  ##   maxDuration: [100, 200]
[ NORMAL  ]  ##   concurrent: 2
[ NORMAL  ]  ##   iterations: [5, 10]
[ NORMAL  ]  ##   size: [1, 4]
[ NORMAL  ]  ##   chance: 0
[ NORMAL  ]  ##   radius: [3, 5]
[ NORMAL  ]  ##   warning: 5
[ NORMAL  ]  ##   create: [-3, 1]
[ NORMAL  ]  ##   perimeter: 2
[ NORMAL  ]  ##   Role default added.
[ NORMAL  ]  ##   Role worker added.
[ NORMAL  ]  ##   Role constructor added.
[ NORMAL  ]  ##   Role explorer added.
[ NORMAL  ]  ##   Role digger added.
[ NORMAL  ]  ##   Template of norm Carry added
[ NORMAL  ]  ##   Template of norm Adopt added
[ NORMAL  ]  ##   Template of norm Adopt added
[ NORMAL  ]  ##   Simulation at step 0
[ NORMAL  ]  ##   Task created: task(task0,(0,1),b2),task(task0,(0,2),b0)
[ NORMAL  ]  ##   Task created: task(task1,(0,1),b0)
[ NORMAL  ]  ##   No valid action available in time for agent agentA1.
[ NORMAL  ]  ##   No valid action available in time for agent agentB1.
[ NORMAL  ]  ##   Simulation at step 1
[ NORMAL  ]  ##   No valid action available in time for agent agentA1.
[ NORMAL  ]  ##   No valid action available in time for agent agentB1.
[ NORMAL  ]  ##   Simulation at step 2
[ NORMAL  ]  ##   No valid action available in time for agent agentB1.
[ NORMAL  ]  ##   No valid action available in time for agent agentA1.
[ NORMAL  ]  ##   Simulation at step 3
[ NORMAL  ]  ##   No valid action available in time for agent agentA1.
[ NORMAL  ]  ##   No valid action available in time for agent agentB1.
[ NORMAL  ]  ##   Simulation at step 4
[ NORMAL  ]  ##   No valid action available in time for agent agentA1.
[ NORMAL  ]  ##   No valid action available in time for agent agentB1.
[ NORMAL  ]  ##   Simulation at step 5
[ NORMAL  ]  ##   No valid action available in time for agent agentA1.
[ NORMAL  ]  ##   No valid action available in time for agent agentB1.
[ NORMAL  ]  ##   Simulation at step 6
[ NORMAL  ]  ##   No valid action available in time for agent agentA1.
[ NORMAL  ]  ##   No valid action available in time for agent agentB1.
[ NORMAL  ]  ##   Simulation at step 7
[ NORMAL  ]  ##   No valid action available in time for agent agentB1.
[ NORMAL  ]  ##   No valid action available in time for agent agentA1.
[ NORMAL  ]  ##   Simulation at step 8
[ NORMAL  ]  ##   max: [0, 0]
[ NORMAL  ]  ##   Created norm(name=n1,announcedat=8,start=19,until=57,level=team,req=[subject(role, constructor, 0, ),],pun=8)
[ NORMAL  ]  ##   No valid action available in time for agent agentB1.
[ NORMAL  ]  ##   No valid action available in time for agent agentA1.
[ NORMAL  ]  ##   Simulation at step 9
[ NORMAL  ]  ##   No valid action available in time for agent agentA1.
[ NORMAL  ]  ##   No valid action available in time for agent agentB1.
[ NORMAL  ]  ##   Simulation at step 10
[ NORMAL  ]  ##   No valid action available in time for agent agentB1.
[ NORMAL  ]  ##   No valid action available in time for agent agentA1.
[ NORMAL  ]  ##   Simulation at step 11
[ NORMAL  ]  ##   No valid action available in time for agent agentB1.
[ NORMAL  ]  ##   No valid action available in time for agent agentA1.
[ NORMAL  ]  ##   Simulation at step 12
[ NORMAL  ]  ##   No valid action available in time for agent agentA1.
[ NORMAL  ]  ##   No valid action available in time for agent agentB1.
[ NORMAL  ]  ##   Simulation at step 13
[ NORMAL  ]  ##   No valid action available in time for agent agentA1.
[ NORMAL  ]  ##   No valid action available in time for agent agentB1.
[ NORMAL  ]  ##   Simulation at step 14
[ NORMAL  ]  ##   No valid action available in time for agent agentB1.
[ NORMAL  ]  ##   No valid action available in time for agent agentA1.
[ NORMAL  ]  ##   Simulation at step 15
[ NORMAL  ]  ##   No valid action available in time for agent agentB1.
[ NORMAL  ]  ##   No valid action available in time for agent agentA1.
[ NORMAL  ]  ##   Simulation at step 16
[ NORMAL  ]  ##   No valid action available in time for agent agentB1.
[ NORMAL  ]  ##   No valid action available in time for agent agentA1.
[ NORMAL  ]  ##   Simulation at step 17
[ NORMAL  ]  ##   No valid action available in time for agent agentB1.
[ NORMAL  ]  ##   No valid action available in time for agent agentA1.
[ NORMAL  ]  ##   Simulation at step 18
[ NORMAL  ]  ##   No valid action available in time for agent agentB1.
[ NORMAL  ]  ##   No valid action available in time for agent agentA1.
[ NORMAL  ]  ##   Simulation at step 19
[ NORMAL  ]  ##   No valid action available in time for agent agentB1.
[ NORMAL  ]  ##   No valid action available in time for agent agentA1.
[ NORMAL  ]  ##   Simulation at step 20
[ NORMAL  ]  ##   No valid action available in time for agent agentB1.
[ NORMAL  ]  ##   No valid action available in time for agent agentA1.
[ NORMAL  ]  ##   Simulation at step 21
[ NORMAL  ]  ##   No valid action available in time for agent agentB1.
[ NORMAL  ]  ##   No valid action available in time for agent agentA1.
[ NORMAL  ]  ##   Simulation at step 22
[ NORMAL  ]  ##   No valid action available in time for agent agentB1.
[ NORMAL  ]  ##   No valid action available in time for agent agentA1.
[ NORMAL  ]  ##   Simulation at step 23
[ NORMAL  ]  ##   No valid action available in time for agent agentB1.
[ NORMAL  ]  ##   No valid action available in time for agent agentA1.
[ NORMAL  ]  ##   Simulation at step 24
[ NORMAL  ]  ##   No valid action available in time for agent agentB1.
[ NORMAL  ]  ##   No valid action available in time for agent agentA1.
[ NORMAL  ]  ##   Simulation at step 25
[ NORMAL  ]  ##   No valid action available in time for agent agentB1.
[ NORMAL  ]  ##   No valid action available in time for agent agentA1.
[ NORMAL  ]  ##   Simulation at step 26
[ NORMAL  ]  ##   No valid action available in time for agent agentB1.
[ NORMAL  ]  ##   No valid action available in time for agent agentA1.
[ NORMAL  ]  ##   Simulation at step 27
[ NORMAL  ]  ##   No valid action available in time for agent agentB1.
[ NORMAL  ]  ##   No valid action available in time for agent agentA1.
[ NORMAL  ]  ##   Simulation at step 28
[ NORMAL  ]  ##   No valid action available in time for agent agentA1.
[ NORMAL  ]  ##   No valid action available in time for agent agentB1.
[ NORMAL  ]  ##   Simulation at step 29
[ NORMAL  ]  ##   No valid action available in time for agent agentB1.
[ NORMAL  ]  ##   No valid action available in time for agent agentA1.
[ NORMAL  ]  ##   Simulation at step 30
[ NORMAL  ]  ##   No valid action available in time for agent agentA1.
[ NORMAL  ]  ##   No valid action available in time for agent agentB1.
[ NORMAL  ]  ##   Simulation at step 31
[ NORMAL  ]  ##   No valid action available in time for agent agentA1.
[ NORMAL  ]  ##   No valid action available in time for agent agentB1.
[ NORMAL  ]  ##   Simulation at step 32
[ NORMAL  ]  ##   No valid action available in time for agent agentA1.
[ NORMAL  ]  ##   No valid action available in time for agent agentB1.
[ NORMAL  ]  ##   Simulation at step 33
[ NORMAL  ]  ##   No valid action available in time for agent agentB1.
[ NORMAL  ]  ##   No valid action available in time for agent agentA1.
[ NORMAL  ]  ##   Simulation at step 34
[ NORMAL  ]  ##   No valid action available in time for agent agentB1.
[ NORMAL  ]  ##   No valid action available in time for agent agentA1.
[ NORMAL  ]  ##   Simulation at step 35
[ NORMAL  ]  ##   No valid action available in time for agent agentB1.
[ NORMAL  ]  ##   No valid action available in time for agent agentA1.
[ NORMAL  ]  ##   Simulation at step 36
[ NORMAL  ]  ##   No valid action available in time for agent agentA1.
[ NORMAL  ]  ##   No valid action available in time for agent agentB1.
[ NORMAL  ]  ##   Simulation at step 37
[ NORMAL  ]  ##   No valid action available in time for agent agentA1.
[ NORMAL  ]  ##   No valid action available in time for agent agentB1.
[ NORMAL  ]  ##   Simulation at step 38
[ NORMAL  ]  ##   No valid action available in time for agent agentA1.
[ NORMAL  ]  ##   No valid action available in time for agent agentB1.
[ NORMAL  ]  ##   Simulation at step 39
[ NORMAL  ]  ##   No valid action available in time for agent agentA1.
[ NORMAL  ]  ##   No valid action available in time for agent agentB1.
[ NORMAL  ]  ##   Simulation at step 40
[ NORMAL  ]  ##   No valid action available in time for agent agentB1.
[ NORMAL  ]  ##   No valid action available in time for agent agentA1.
[ NORMAL  ]  ##   Simulation at step 41
[ NORMAL  ]  ##   No valid action available in time for agent agentA1.
[ NORMAL  ]  ##   No valid action available in time for agent agentB1.
[ NORMAL  ]  ##   Simulation at step 42
[ NORMAL  ]  ##   No valid action available in time for agent agentA1.
[ NORMAL  ]  ##   No valid action available in time for agent agentB1.
[ NORMAL  ]  ##   Simulation at step 43
[ NORMAL  ]  ##   No valid action available in time for agent agentA1.
[ NORMAL  ]  ##   No valid action available in time for agent agentB1.
[ NORMAL  ]  ##   Simulation at step 44
[ NORMAL  ]  ##   No valid action available in time for agent agentB1.
[ NORMAL  ]  ##   No valid action available in time for agent agentA1.
[ NORMAL  ]  ##   Simulation at step 45
[ NORMAL  ]  ##   No valid action available in time for agent agentA1.
[ NORMAL  ]  ##   No valid action available in time for agent agentB1.
[ NORMAL  ]  ##   Simulation at step 46
[ NORMAL  ]  ##   No valid action available in time for agent agentB1.
[ NORMAL  ]  ##   No valid action available in time for agent agentA1.
[ NORMAL  ]  ##   Simulation at step 47
[ NORMAL  ]  ##   No valid action available in time for agent agentB1.
[ NORMAL  ]  ##   No valid action available in time for agent agentA1.
[ NORMAL  ]  ##   Simulation at step 48
[ NORMAL  ]  ##   No valid action available in time for agent agentB1.
[ NORMAL  ]  ##   No valid action available in time for agent agentA1.
[ NORMAL  ]  ##   Simulation at step 49
[ NORMAL  ]  ##   No valid action available in time for agent agentB1.
[ NORMAL  ]  ##   No valid action available in time for agent agentA1.
[ NORMAL  ]  ##   Simulation at step 50
[ NORMAL  ]  ##   No valid action available in time for agent agentA1.
[ NORMAL  ]  ##   No valid action available in time for agent agentB1.
[ NORMAL  ]  ##   Simulation at step 51
[ NORMAL  ]  ##   No valid action available in time for agent agentA1.
[ NORMAL  ]  ##   No valid action available in time for agent agentB1.
[ NORMAL  ]  ##   Simulation at step 52
[ NORMAL  ]  ##   No valid action available in time for agent agentA1.
[ NORMAL  ]  ##   No valid action available in time for agent agentB1.
[ NORMAL  ]  ##   Simulation at step 53
[ NORMAL  ]  ##   No valid action available in time for agent agentB1.
[ NORMAL  ]  ##   No valid action available in time for agent agentA1.
[ NORMAL  ]  ##   Simulation at step 54
[ NORMAL  ]  ##   No valid action available in time for agent agentA1.
[ NORMAL  ]  ##   No valid action available in time for agent agentB1.
[ NORMAL  ]  ##   Simulation at step 55
[ NORMAL  ]  ##   No valid action available in time for agent agentA1.
[ NORMAL  ]  ##   No valid action available in time for agent agentB1.
[ NORMAL  ]  ##   Simulation at step 56
[ NORMAL  ]  ##   No valid action available in time for agent agentA1.
[ NORMAL  ]  ##   No valid action available in time for agent agentB1.
[ NORMAL  ]  ##   Simulation at step 57
[ NORMAL  ]  ##   No valid action available in time for agent agentA1.
[ NORMAL  ]  ##   No valid action available in time for agent agentB1.
[ NORMAL  ]  ##   Simulation at step 58
[ NORMAL  ]  ##   No valid action available in time for agent agentB1.
[ NORMAL  ]  ##   No valid action available in time for agent agentA1.
[ NORMAL  ]  ##   Simulation at step 59
[ NORMAL  ]  ##   No valid action available in time for agent agentA1.
[ NORMAL  ]  ##   No valid action available in time for agent agentB1.
[ NORMAL  ]  ##   Simulation at step 60
[ NORMAL  ]  ##   max: [1, 3]
[ NORMAL  ]  ##   Created norm(name=n2,announcedat=60,start=72,until=244,level=team,req=[subject(role, default, 3, ),],pun=16)
[ NORMAL  ]  ##   No valid action available in time for agent agentA1.
[ NORMAL  ]  ##   No valid action available in time for agent agentB1.
[ NORMAL  ]  ##   Simulation at step 61
[ NORMAL  ]  ##   No valid action available in time for agent agentB1.
[ NORMAL  ]  ##   No valid action available in time for agent agentA1.
[ NORMAL  ]  ##   Simulation at step 62
[ NORMAL  ]  ##   No valid action available in time for agent agentB1.
[ NORMAL  ]  ##   No valid action available in time for agent agentA1.
[ NORMAL  ]  ##   Simulation at step 63
[ NORMAL  ]  ##   No valid action available in time for agent agentA1.
[ NORMAL  ]  ##   No valid action available in time for agent agentB1.
[ NORMAL  ]  ##   Simulation at step 64
[ NORMAL  ]  ##   No valid action available in time for agent agentB1.
[ NORMAL  ]  ##   No valid action available in time for agent agentA1.
[ NORMAL  ]  ##   Simulation at step 65
[ NORMAL  ]  ##   No valid action available in time for agent agentA1.
[ NORMAL  ]  ##   No valid action available in time for agent agentB1.
[ NORMAL  ]  ##   Simulation at step 66
[ NORMAL  ]  ##   No valid action available in time for agent agentA1.
[ NORMAL  ]  ##   No valid action available in time for agent agentB1.
[ NORMAL  ]  ##   Simulation at step 67
[ NORMAL  ]  ##   No valid action available in time for agent agentA1.
[ NORMAL  ]  ##   No valid action available in time for agent agentB1.
[ NORMAL  ]  ##   Simulation at step 68
[ NORMAL  ]  ##   No valid action available in time for agent agentA1.
[ NORMAL  ]  ##   No valid action available in time for agent agentB1.
[ NORMAL  ]  ##   Simulation at step 69
[ NORMAL  ]  ##   No valid action available in time for agent agentB1.
[ NORMAL  ]  ##   No valid action available in time for agent agentA1.
[ NORMAL  ]  ##   Simulation at step 70
[ NORMAL  ]  ##   No valid action available in time for agent agentA1.
[ NORMAL  ]  ##   No valid action available in time for agent agentB1.
[ NORMAL  ]  ##   Simulation at step 71
[ NORMAL  ]  ##   No valid action available in time for agent agentB1.
[ NORMAL  ]  ##   No valid action available in time for agent agentA1.
[ NORMAL  ]  ##   Simulation at step 72
[ NORMAL  ]  ##   No valid action available in time for agent agentB1.
[ NORMAL  ]  ##   No valid action available in time for agent agentA1.
[ NORMAL  ]  ##   Simulation at step 73
[ NORMAL  ]  ##   No valid action available in time for agent agentA1.
[ NORMAL  ]  ##   No valid action available in time for agent agentB1.
[ NORMAL  ]  ##   Simulation at step 74
[ NORMAL  ]  ##   No valid action available in time for agent agentA1.
[ NORMAL  ]  ##   No valid action available in time for agent agentB1.
[ NORMAL  ]  ##   Simulation at step 75
[ NORMAL  ]  ##   No valid action available in time for agent agentA1.
[ NORMAL  ]  ##   No valid action available in time for agent agentB1.
[ NORMAL  ]  ##   Simulation at step 76
[ NORMAL  ]  ##   No valid action available in time for agent agentA1.
[ NORMAL  ]  ##   No valid action available in time for agent agentB1.
[ NORMAL  ]  ##   Simulation at step 77
[ NORMAL  ]  ##   No valid action available in time for agent agentA1.
[ NORMAL  ]  ##   No valid action available in time for agent agentB1.
[ NORMAL  ]  ##   Simulation at step 78
[ NORMAL  ]  ##   No valid action available in time for agent agentB1.
[ NORMAL  ]  ##   No valid action available in time for agent agentA1.
[ NORMAL  ]  ##   Simulation at step 79
[ NORMAL  ]  ##   No valid action available in time for agent agentB1.
[ NORMAL  ]  ##   No valid action available in time for agent agentA1.
[ NORMAL  ]  ##   Simulation at step 80
[ NORMAL  ]  ##   No valid action available in time for agent agentA1.
[ NORMAL  ]  ##   No valid action available in time for agent agentB1.
[ NORMAL  ]  ##   Simulation at step 81
[ NORMAL  ]  ##   No valid action available in time for agent agentA1.
[ NORMAL  ]  ##   No valid action available in time for agent agentB1.
[ NORMAL  ]  ##   Simulation at step 82
[ NORMAL  ]  ##   No valid action available in time for agent agentA1.
[ NORMAL  ]  ##   No valid action available in time for agent agentB1.
[ NORMAL  ]  ##   Simulation at step 83
[ NORMAL  ]  ##   No valid action available in time for agent agentB1.
[ NORMAL  ]  ##   No valid action available in time for agent agentA1.
[ NORMAL  ]  ##   Simulation at step 84
[ NORMAL  ]  ##   No valid action available in time for agent agentB1.
[ NORMAL  ]  ##   No valid action available in time for agent agentA1.
[ NORMAL  ]  ##   Simulation at step 85
[ NORMAL  ]  ##   No valid action available in time for agent agentA1.
[ NORMAL  ]  ##   No valid action available in time for agent agentB1.
[ NORMAL  ]  ##   Simulation at step 86
[ NORMAL  ]  ##   No valid action available in time for agent agentB1.
[ NORMAL  ]  ##   No valid action available in time for agent agentA1.
[ NORMAL  ]  ##   Simulation at step 87
[ NORMAL  ]  ##   No valid action available in time for agent agentA1.
[ NORMAL  ]  ##   No valid action available in time for agent agentB1.
[ NORMAL  ]  ##   Simulation at step 88
